<?xml version="1.0" encoding="UTF-8"?>
<!-- Generated by org.testng.reporters.JUnitReportReporter -->
<testsuite hostname="SRINIVAS" failures="0" tests="1" name="Test.editUser" time="34.252" errors="0" timestamp="2023-12-09T13:12:44 IST" skipped="0">
  <testcase classname="Test.editUser" name="addRoleAddInInstitution" time="34.252"/>
  <system-out/>
</testsuite> <!-- Test.editUser -->
