<?xml version="1.0" encoding="UTF-8"?>
<!-- Generated by org.testng.reporters.JUnitReportReporter -->
<testsuite hostname="SRINIVAS" failures="0" tests="1" name="Test.dropdownsAllAndGoBotton" time="23.246" errors="0" timestamp="2023-12-08T22:35:09 IST" skipped="0">
  <testcase classname="Test.dropdownsAllAndGoBotton" name="goButton" time="23.246"/>
  <system-out/>
</testsuite> <!-- Test.dropdownsAllAndGoBotton -->
