<?xml version="1.0" encoding="UTF-8"?>
<!-- Generated by org.testng.reporters.JUnitReportReporter -->
<testsuite hostname="SRINIVAS" failures="0" tests="1" name="Test.all" time="35.478" errors="0" timestamp="2023-12-14T10:43:49 IST" skipped="0">
  <testcase classname="Test.all" name="viewUserDetails" time="35.478"/>
  <system-out/>
</testsuite> <!-- Test.all -->
