<?xml version="1.0" encoding="UTF-8"?>
<!-- Generated by org.testng.reporters.JUnitReportReporter -->
<testsuite hostname="DESKTOP-C5SFOD4" failures="0" tests="1" name="Test.createUser" time="19.600" errors="0" timestamp="2023-12-13T14:40:09 IST" skipped="0">
  <testcase classname="Test.createUser" name="rr" time="19.600"/>
</testsuite> <!-- Test.createUser -->
