<?xml version="1.0" encoding="UTF-8"?>
<!-- Generated by org.testng.reporters.JUnitReportReporter -->
<testsuite hostname="SRINIVAS" failures="0" tests="1" name="Test.searchingSpecificUser" time="0.034" errors="0" timestamp="2023-12-09T10:07:43 IST" skipped="0">
  <testcase classname="Test.searchingSpecificUser" name="searchingUser" time="0.034"/>
  <system-out/>
</testsuite> <!-- Test.searchingSpecificUser -->
