<?xml version="1.0" encoding="UTF-8"?>
<!-- Generated by org.testng.reporters.JUnitReportReporter -->
<testsuite hostname="SRINIVAS" failures="0" tests="1" name="Test.jgj" time="6.574" errors="0" timestamp="2023-12-09T11:39:18 IST" skipped="0">
  <testcase classname="Test.jgj" name="mm" time="6.574"/>
  <system-out/>
</testsuite> <!-- Test.jgj -->
