<?xml version="1.0" encoding="UTF-8"?>
<!-- Generated by org.testng.reporters.JUnitReportReporter -->
<testsuite hostname="DESKTOP-C5SFOD4" failures="0" tests="1" name="Practice.login" time="13.428" errors="0" timestamp="2023-12-12T13:48:17 IST" skipped="0">
  <testcase classname="Practice.login" name="m" time="13.428"/>
</testsuite> <!-- Practice.login -->
