<?xml version="1.0" encoding="UTF-8"?>
<!-- Generated by org.testng.reporters.JUnitReportReporter -->
<testsuite hostname="DESKTOP-C5SFOD4" failures="0" tests="1" name="Test.testScripts" time="24.048" errors="0" timestamp="2023-12-13T11:22:24 IST" skipped="0">
  <testcase classname="Test.testScripts" name="viewUserDetails" time="24.048"/>
</testsuite> <!-- Test.testScripts -->
