<?xml version="1.0" encoding="UTF-8"?>
<!-- Generated by org.testng.reporters.JUnitReportReporter -->
<testsuite hostname="DESKTOP-H3BL2K3" failures="0" tests="1" name="test55.allDropDown" time="26.398" errors="0" timestamp="2024-01-22T00:17:40 IST" skipped="0">
  <testcase classname="test55.allDropDown" name="allDropDownsHandlingGoButton" time="26.398"/>
  <system-out/>
</testsuite> <!-- test55.allDropDown -->
