<?xml version="1.0" encoding="UTF-8"?>
<!-- Generated by org.testng.reporters.JUnitReportReporter -->
<testsuite hostname="DESKTOP-H3BL2K3" failures="0" tests="1" name="Practice.test" time="24.930" errors="0" timestamp="2024-01-24T01:01:40 IST" skipped="0">
  <testcase classname="Practice.test" name="SS" time="24.930"/>
  <system-out/>
</testsuite> <!-- Practice.test -->
