<?xml version="1.0" encoding="UTF-8"?>
<!-- Generated by org.testng.reporters.JUnitReportReporter -->
<testsuite hostname="SRINIVAS" failures="0" tests="1" name="Practice.dropdownsAllAndGoBotton" time="12.673" errors="0" timestamp="2023-12-08T21:18:37 IST" skipped="0">
  <testcase classname="Practice.dropdownsAllAndGoBotton" name="goButton" time="12.673"/>
  <system-out/>
</testsuite> <!-- Practice.dropdownsAllAndGoBotton -->
